**************************************************
Report         : passing_points

Reference      : Ref:/WORK/SYS_TOP_dft
Implementation : Imp:/WORK/SYS_TOP_dft
Version        : L-2016.03-SP1
Date           : Wed Oct  1 08:40:49 2025
**************************************************

377 Passing compare points:

  Ref  LAT        Ref:/WORK/SYS_TOP_dft/U_CLK_GATE/U0_TLATNCAX12M
  Impl LAT        Imp:/WORK/SYS_TOP_dft/U_CLK_GATE/U0_TLATNCAX12M

  Ref  DFF        Ref:/WORK/SYS_TOP_dft/Data_SYNC/Pulse_FF_Out_reg
  Impl DFF        Imp:/WORK/SYS_TOP_dft/Data_SYNC/Pulse_FF_Out_reg

  Ref  DFF        Ref:/WORK/SYS_TOP_dft/Data_SYNC/en_sync_reg_reg[0]
  Impl DFF        Imp:/WORK/SYS_TOP_dft/Data_SYNC/en_sync_reg_reg[0]

  Ref  DFF        Ref:/WORK/SYS_TOP_dft/Data_SYNC/en_sync_reg_reg[1]
  Impl DFF        Imp:/WORK/SYS_TOP_dft/Data_SYNC/en_sync_reg_reg[1]

  Ref  DFF        Ref:/WORK/SYS_TOP_dft/Data_SYNC/enable_pulse_d_reg
  Impl DFF        Imp:/WORK/SYS_TOP_dft/Data_SYNC/enable_pulse_d_reg

  Ref  DFF        Ref:/WORK/SYS_TOP_dft/Data_SYNC/sync_bus_reg[0]
  Impl DFF        Imp:/WORK/SYS_TOP_dft/Data_SYNC/sync_bus_reg[0]

  Ref  DFF        Ref:/WORK/SYS_TOP_dft/Data_SYNC/sync_bus_reg[1]
  Impl DFF        Imp:/WORK/SYS_TOP_dft/Data_SYNC/sync_bus_reg[1]

  Ref  DFF        Ref:/WORK/SYS_TOP_dft/Data_SYNC/sync_bus_reg[2]
  Impl DFF        Imp:/WORK/SYS_TOP_dft/Data_SYNC/sync_bus_reg[2]

  Ref  DFF        Ref:/WORK/SYS_TOP_dft/Data_SYNC/sync_bus_reg[3]
  Impl DFF        Imp:/WORK/SYS_TOP_dft/Data_SYNC/sync_bus_reg[3]

  Ref  DFF        Ref:/WORK/SYS_TOP_dft/Data_SYNC/sync_bus_reg[4]
  Impl DFF        Imp:/WORK/SYS_TOP_dft/Data_SYNC/sync_bus_reg[4]

  Ref  DFF        Ref:/WORK/SYS_TOP_dft/Data_SYNC/sync_bus_reg[5]
  Impl DFF        Imp:/WORK/SYS_TOP_dft/Data_SYNC/sync_bus_reg[5]

  Ref  DFF        Ref:/WORK/SYS_TOP_dft/Data_SYNC/sync_bus_reg[6]
  Impl DFF        Imp:/WORK/SYS_TOP_dft/Data_SYNC/sync_bus_reg[6]

  Ref  DFF        Ref:/WORK/SYS_TOP_dft/Data_SYNC/sync_bus_reg[7]
  Impl DFF        Imp:/WORK/SYS_TOP_dft/Data_SYNC/sync_bus_reg[7]

  Ref  DFF        Ref:/WORK/SYS_TOP_dft/REF_RST_SYNC/sync_reg_reg[0]
  Impl DFF        Imp:/WORK/SYS_TOP_dft/REF_RST_SYNC/sync_reg_reg[0]

  Ref  DFF        Ref:/WORK/SYS_TOP_dft/REF_RST_SYNC/sync_reg_reg[1]
  Impl DFF        Imp:/WORK/SYS_TOP_dft/REF_RST_SYNC/sync_reg_reg[1]

  Ref  DFF        Ref:/WORK/SYS_TOP_dft/RegFile/RdData_VLD_reg
  Impl DFF        Imp:/WORK/SYS_TOP_dft/RegFile/RdData_VLD_reg

  Ref  DFF        Ref:/WORK/SYS_TOP_dft/RegFile/RdData_reg[0]
  Impl DFF        Imp:/WORK/SYS_TOP_dft/RegFile/RdData_reg[0]

  Ref  DFF        Ref:/WORK/SYS_TOP_dft/RegFile/RdData_reg[1]
  Impl DFF        Imp:/WORK/SYS_TOP_dft/RegFile/RdData_reg[1]

  Ref  DFF        Ref:/WORK/SYS_TOP_dft/RegFile/RdData_reg[2]
  Impl DFF        Imp:/WORK/SYS_TOP_dft/RegFile/RdData_reg[2]

  Ref  DFF        Ref:/WORK/SYS_TOP_dft/RegFile/RdData_reg[3]
  Impl DFF        Imp:/WORK/SYS_TOP_dft/RegFile/RdData_reg[3]

  Ref  DFF        Ref:/WORK/SYS_TOP_dft/RegFile/RdData_reg[4]
  Impl DFF        Imp:/WORK/SYS_TOP_dft/RegFile/RdData_reg[4]

  Ref  DFF        Ref:/WORK/SYS_TOP_dft/RegFile/RdData_reg[5]
  Impl DFF        Imp:/WORK/SYS_TOP_dft/RegFile/RdData_reg[5]

  Ref  DFF        Ref:/WORK/SYS_TOP_dft/RegFile/RdData_reg[6]
  Impl DFF        Imp:/WORK/SYS_TOP_dft/RegFile/RdData_reg[6]

  Ref  DFF        Ref:/WORK/SYS_TOP_dft/RegFile/RdData_reg[7]
  Impl DFF        Imp:/WORK/SYS_TOP_dft/RegFile/RdData_reg[7]

  Ref  DFF        Ref:/WORK/SYS_TOP_dft/RegFile/memory_reg[0][0]
  Impl DFF        Imp:/WORK/SYS_TOP_dft/RegFile/memory_reg[0][0]

  Ref  DFF        Ref:/WORK/SYS_TOP_dft/RegFile/memory_reg[0][1]
  Impl DFF        Imp:/WORK/SYS_TOP_dft/RegFile/memory_reg[0][1]

  Ref  DFF        Ref:/WORK/SYS_TOP_dft/RegFile/memory_reg[0][2]
  Impl DFF        Imp:/WORK/SYS_TOP_dft/RegFile/memory_reg[0][2]

  Ref  DFF        Ref:/WORK/SYS_TOP_dft/RegFile/memory_reg[0][3]
  Impl DFF        Imp:/WORK/SYS_TOP_dft/RegFile/memory_reg[0][3]

  Ref  DFF        Ref:/WORK/SYS_TOP_dft/RegFile/memory_reg[0][4]
  Impl DFF        Imp:/WORK/SYS_TOP_dft/RegFile/memory_reg[0][4]

  Ref  DFF        Ref:/WORK/SYS_TOP_dft/RegFile/memory_reg[0][5]
  Impl DFF        Imp:/WORK/SYS_TOP_dft/RegFile/memory_reg[0][5]

  Ref  DFF        Ref:/WORK/SYS_TOP_dft/RegFile/memory_reg[0][6]
  Impl DFF        Imp:/WORK/SYS_TOP_dft/RegFile/memory_reg[0][6]

  Ref  DFF        Ref:/WORK/SYS_TOP_dft/RegFile/memory_reg[0][7]
  Impl DFF        Imp:/WORK/SYS_TOP_dft/RegFile/memory_reg[0][7]

  Ref  DFF        Ref:/WORK/SYS_TOP_dft/RegFile/memory_reg[10][0]
  Impl DFF        Imp:/WORK/SYS_TOP_dft/RegFile/memory_reg[10][0]

  Ref  DFF        Ref:/WORK/SYS_TOP_dft/RegFile/memory_reg[10][1]
  Impl DFF        Imp:/WORK/SYS_TOP_dft/RegFile/memory_reg[10][1]

  Ref  DFF        Ref:/WORK/SYS_TOP_dft/RegFile/memory_reg[10][2]
  Impl DFF        Imp:/WORK/SYS_TOP_dft/RegFile/memory_reg[10][2]

  Ref  DFF        Ref:/WORK/SYS_TOP_dft/RegFile/memory_reg[10][3]
  Impl DFF        Imp:/WORK/SYS_TOP_dft/RegFile/memory_reg[10][3]

  Ref  DFF        Ref:/WORK/SYS_TOP_dft/RegFile/memory_reg[10][4]
  Impl DFF        Imp:/WORK/SYS_TOP_dft/RegFile/memory_reg[10][4]

  Ref  DFF        Ref:/WORK/SYS_TOP_dft/RegFile/memory_reg[10][5]
  Impl DFF        Imp:/WORK/SYS_TOP_dft/RegFile/memory_reg[10][5]

  Ref  DFF        Ref:/WORK/SYS_TOP_dft/RegFile/memory_reg[10][6]
  Impl DFF        Imp:/WORK/SYS_TOP_dft/RegFile/memory_reg[10][6]

  Ref  DFF        Ref:/WORK/SYS_TOP_dft/RegFile/memory_reg[10][7]
  Impl DFF        Imp:/WORK/SYS_TOP_dft/RegFile/memory_reg[10][7]

  Ref  DFF        Ref:/WORK/SYS_TOP_dft/RegFile/memory_reg[11][0]
  Impl DFF        Imp:/WORK/SYS_TOP_dft/RegFile/memory_reg[11][0]

  Ref  DFF        Ref:/WORK/SYS_TOP_dft/RegFile/memory_reg[11][1]
  Impl DFF        Imp:/WORK/SYS_TOP_dft/RegFile/memory_reg[11][1]

  Ref  DFF        Ref:/WORK/SYS_TOP_dft/RegFile/memory_reg[11][2]
  Impl DFF        Imp:/WORK/SYS_TOP_dft/RegFile/memory_reg[11][2]

  Ref  DFF        Ref:/WORK/SYS_TOP_dft/RegFile/memory_reg[11][3]
  Impl DFF        Imp:/WORK/SYS_TOP_dft/RegFile/memory_reg[11][3]

  Ref  DFF        Ref:/WORK/SYS_TOP_dft/RegFile/memory_reg[11][4]
  Impl DFF        Imp:/WORK/SYS_TOP_dft/RegFile/memory_reg[11][4]

  Ref  DFF        Ref:/WORK/SYS_TOP_dft/RegFile/memory_reg[11][5]
  Impl DFF        Imp:/WORK/SYS_TOP_dft/RegFile/memory_reg[11][5]

  Ref  DFF        Ref:/WORK/SYS_TOP_dft/RegFile/memory_reg[11][6]
  Impl DFF        Imp:/WORK/SYS_TOP_dft/RegFile/memory_reg[11][6]

  Ref  DFF        Ref:/WORK/SYS_TOP_dft/RegFile/memory_reg[11][7]
  Impl DFF        Imp:/WORK/SYS_TOP_dft/RegFile/memory_reg[11][7]

  Ref  DFF        Ref:/WORK/SYS_TOP_dft/RegFile/memory_reg[12][0]
  Impl DFF        Imp:/WORK/SYS_TOP_dft/RegFile/memory_reg[12][0]

  Ref  DFF        Ref:/WORK/SYS_TOP_dft/RegFile/memory_reg[12][1]
  Impl DFF        Imp:/WORK/SYS_TOP_dft/RegFile/memory_reg[12][1]

  Ref  DFF        Ref:/WORK/SYS_TOP_dft/RegFile/memory_reg[12][2]
  Impl DFF        Imp:/WORK/SYS_TOP_dft/RegFile/memory_reg[12][2]

  Ref  DFF        Ref:/WORK/SYS_TOP_dft/RegFile/memory_reg[12][3]
  Impl DFF        Imp:/WORK/SYS_TOP_dft/RegFile/memory_reg[12][3]

  Ref  DFF        Ref:/WORK/SYS_TOP_dft/RegFile/memory_reg[12][4]
  Impl DFF        Imp:/WORK/SYS_TOP_dft/RegFile/memory_reg[12][4]

  Ref  DFF        Ref:/WORK/SYS_TOP_dft/RegFile/memory_reg[12][5]
  Impl DFF        Imp:/WORK/SYS_TOP_dft/RegFile/memory_reg[12][5]

  Ref  DFF        Ref:/WORK/SYS_TOP_dft/RegFile/memory_reg[12][6]
  Impl DFF        Imp:/WORK/SYS_TOP_dft/RegFile/memory_reg[12][6]

  Ref  DFF        Ref:/WORK/SYS_TOP_dft/RegFile/memory_reg[12][7]
  Impl DFF        Imp:/WORK/SYS_TOP_dft/RegFile/memory_reg[12][7]

  Ref  DFF        Ref:/WORK/SYS_TOP_dft/RegFile/memory_reg[13][0]
  Impl DFF        Imp:/WORK/SYS_TOP_dft/RegFile/memory_reg[13][0]

  Ref  DFF        Ref:/WORK/SYS_TOP_dft/RegFile/memory_reg[13][1]
  Impl DFF        Imp:/WORK/SYS_TOP_dft/RegFile/memory_reg[13][1]

  Ref  DFF        Ref:/WORK/SYS_TOP_dft/RegFile/memory_reg[13][2]
  Impl DFF        Imp:/WORK/SYS_TOP_dft/RegFile/memory_reg[13][2]

  Ref  DFF        Ref:/WORK/SYS_TOP_dft/RegFile/memory_reg[13][3]
  Impl DFF        Imp:/WORK/SYS_TOP_dft/RegFile/memory_reg[13][3]

  Ref  DFF        Ref:/WORK/SYS_TOP_dft/RegFile/memory_reg[13][4]
  Impl DFF        Imp:/WORK/SYS_TOP_dft/RegFile/memory_reg[13][4]

  Ref  DFF        Ref:/WORK/SYS_TOP_dft/RegFile/memory_reg[13][5]
  Impl DFF        Imp:/WORK/SYS_TOP_dft/RegFile/memory_reg[13][5]

  Ref  DFF        Ref:/WORK/SYS_TOP_dft/RegFile/memory_reg[13][6]
  Impl DFF        Imp:/WORK/SYS_TOP_dft/RegFile/memory_reg[13][6]

  Ref  DFF        Ref:/WORK/SYS_TOP_dft/RegFile/memory_reg[13][7]
  Impl DFF        Imp:/WORK/SYS_TOP_dft/RegFile/memory_reg[13][7]

  Ref  DFF        Ref:/WORK/SYS_TOP_dft/RegFile/memory_reg[14][0]
  Impl DFF        Imp:/WORK/SYS_TOP_dft/RegFile/memory_reg[14][0]

  Ref  DFF        Ref:/WORK/SYS_TOP_dft/RegFile/memory_reg[14][1]
  Impl DFF        Imp:/WORK/SYS_TOP_dft/RegFile/memory_reg[14][1]

  Ref  DFF        Ref:/WORK/SYS_TOP_dft/RegFile/memory_reg[14][2]
  Impl DFF        Imp:/WORK/SYS_TOP_dft/RegFile/memory_reg[14][2]

  Ref  DFF        Ref:/WORK/SYS_TOP_dft/RegFile/memory_reg[14][3]
  Impl DFF        Imp:/WORK/SYS_TOP_dft/RegFile/memory_reg[14][3]

  Ref  DFF        Ref:/WORK/SYS_TOP_dft/RegFile/memory_reg[14][4]
  Impl DFF        Imp:/WORK/SYS_TOP_dft/RegFile/memory_reg[14][4]

  Ref  DFF        Ref:/WORK/SYS_TOP_dft/RegFile/memory_reg[14][5]
  Impl DFF        Imp:/WORK/SYS_TOP_dft/RegFile/memory_reg[14][5]

  Ref  DFF        Ref:/WORK/SYS_TOP_dft/RegFile/memory_reg[14][6]
  Impl DFF        Imp:/WORK/SYS_TOP_dft/RegFile/memory_reg[14][6]

  Ref  DFF        Ref:/WORK/SYS_TOP_dft/RegFile/memory_reg[14][7]
  Impl DFF        Imp:/WORK/SYS_TOP_dft/RegFile/memory_reg[14][7]

  Ref  DFF        Ref:/WORK/SYS_TOP_dft/RegFile/memory_reg[15][0]
  Impl DFF        Imp:/WORK/SYS_TOP_dft/RegFile/memory_reg[15][0]

  Ref  DFF        Ref:/WORK/SYS_TOP_dft/RegFile/memory_reg[15][1]
  Impl DFF        Imp:/WORK/SYS_TOP_dft/RegFile/memory_reg[15][1]

  Ref  DFF        Ref:/WORK/SYS_TOP_dft/RegFile/memory_reg[15][2]
  Impl DFF        Imp:/WORK/SYS_TOP_dft/RegFile/memory_reg[15][2]

  Ref  DFF        Ref:/WORK/SYS_TOP_dft/RegFile/memory_reg[15][3]
  Impl DFF        Imp:/WORK/SYS_TOP_dft/RegFile/memory_reg[15][3]

  Ref  DFF        Ref:/WORK/SYS_TOP_dft/RegFile/memory_reg[15][4]
  Impl DFF        Imp:/WORK/SYS_TOP_dft/RegFile/memory_reg[15][4]

  Ref  DFF        Ref:/WORK/SYS_TOP_dft/RegFile/memory_reg[15][5]
  Impl DFF        Imp:/WORK/SYS_TOP_dft/RegFile/memory_reg[15][5]

  Ref  DFF        Ref:/WORK/SYS_TOP_dft/RegFile/memory_reg[15][6]
  Impl DFF        Imp:/WORK/SYS_TOP_dft/RegFile/memory_reg[15][6]

  Ref  DFF        Ref:/WORK/SYS_TOP_dft/RegFile/memory_reg[15][7]
  Impl DFF        Imp:/WORK/SYS_TOP_dft/RegFile/memory_reg[15][7]

  Ref  DFF        Ref:/WORK/SYS_TOP_dft/RegFile/memory_reg[1][0]
  Impl DFF        Imp:/WORK/SYS_TOP_dft/RegFile/memory_reg[1][0]

  Ref  DFF        Ref:/WORK/SYS_TOP_dft/RegFile/memory_reg[1][1]
  Impl DFF        Imp:/WORK/SYS_TOP_dft/RegFile/memory_reg[1][1]

  Ref  DFF        Ref:/WORK/SYS_TOP_dft/RegFile/memory_reg[1][2]
  Impl DFF        Imp:/WORK/SYS_TOP_dft/RegFile/memory_reg[1][2]

  Ref  DFF        Ref:/WORK/SYS_TOP_dft/RegFile/memory_reg[1][3]
  Impl DFF        Imp:/WORK/SYS_TOP_dft/RegFile/memory_reg[1][3]

  Ref  DFF        Ref:/WORK/SYS_TOP_dft/RegFile/memory_reg[1][4]
  Impl DFF        Imp:/WORK/SYS_TOP_dft/RegFile/memory_reg[1][4]

  Ref  DFF        Ref:/WORK/SYS_TOP_dft/RegFile/memory_reg[1][5]
  Impl DFF        Imp:/WORK/SYS_TOP_dft/RegFile/memory_reg[1][5]

  Ref  DFF        Ref:/WORK/SYS_TOP_dft/RegFile/memory_reg[1][6]
  Impl DFF        Imp:/WORK/SYS_TOP_dft/RegFile/memory_reg[1][6]

  Ref  DFF        Ref:/WORK/SYS_TOP_dft/RegFile/memory_reg[1][7]
  Impl DFF        Imp:/WORK/SYS_TOP_dft/RegFile/memory_reg[1][7]

  Ref  DFF        Ref:/WORK/SYS_TOP_dft/RegFile/memory_reg[2][0]
  Impl DFF        Imp:/WORK/SYS_TOP_dft/RegFile/memory_reg[2][0]

  Ref  DFF        Ref:/WORK/SYS_TOP_dft/RegFile/memory_reg[2][1]
  Impl DFF        Imp:/WORK/SYS_TOP_dft/RegFile/memory_reg[2][1]

  Ref  DFF        Ref:/WORK/SYS_TOP_dft/RegFile/memory_reg[2][2]
  Impl DFF        Imp:/WORK/SYS_TOP_dft/RegFile/memory_reg[2][2]

  Ref  DFF        Ref:/WORK/SYS_TOP_dft/RegFile/memory_reg[2][3]
  Impl DFF        Imp:/WORK/SYS_TOP_dft/RegFile/memory_reg[2][3]

  Ref  DFF        Ref:/WORK/SYS_TOP_dft/RegFile/memory_reg[2][4]
  Impl DFF        Imp:/WORK/SYS_TOP_dft/RegFile/memory_reg[2][4]

  Ref  DFF        Ref:/WORK/SYS_TOP_dft/RegFile/memory_reg[2][5]
  Impl DFF        Imp:/WORK/SYS_TOP_dft/RegFile/memory_reg[2][5]

  Ref  DFF        Ref:/WORK/SYS_TOP_dft/RegFile/memory_reg[2][6]
  Impl DFF        Imp:/WORK/SYS_TOP_dft/RegFile/memory_reg[2][6]

  Ref  DFF        Ref:/WORK/SYS_TOP_dft/RegFile/memory_reg[2][7]
  Impl DFF        Imp:/WORK/SYS_TOP_dft/RegFile/memory_reg[2][7]

  Ref  DFF        Ref:/WORK/SYS_TOP_dft/RegFile/memory_reg[3][0]
  Impl DFF        Imp:/WORK/SYS_TOP_dft/RegFile/memory_reg[3][0]

  Ref  DFF        Ref:/WORK/SYS_TOP_dft/RegFile/memory_reg[3][1]
  Impl DFF        Imp:/WORK/SYS_TOP_dft/RegFile/memory_reg[3][1]

  Ref  DFF        Ref:/WORK/SYS_TOP_dft/RegFile/memory_reg[3][2]
  Impl DFF        Imp:/WORK/SYS_TOP_dft/RegFile/memory_reg[3][2]

  Ref  DFF        Ref:/WORK/SYS_TOP_dft/RegFile/memory_reg[3][3]
  Impl DFF        Imp:/WORK/SYS_TOP_dft/RegFile/memory_reg[3][3]

  Ref  DFF        Ref:/WORK/SYS_TOP_dft/RegFile/memory_reg[3][4]
  Impl DFF        Imp:/WORK/SYS_TOP_dft/RegFile/memory_reg[3][4]

  Ref  DFF        Ref:/WORK/SYS_TOP_dft/RegFile/memory_reg[3][5]
  Impl DFF        Imp:/WORK/SYS_TOP_dft/RegFile/memory_reg[3][5]

  Ref  DFF        Ref:/WORK/SYS_TOP_dft/RegFile/memory_reg[3][6]
  Impl DFF        Imp:/WORK/SYS_TOP_dft/RegFile/memory_reg[3][6]

  Ref  DFF        Ref:/WORK/SYS_TOP_dft/RegFile/memory_reg[3][7]
  Impl DFF        Imp:/WORK/SYS_TOP_dft/RegFile/memory_reg[3][7]

  Ref  DFF        Ref:/WORK/SYS_TOP_dft/RegFile/memory_reg[4][0]
  Impl DFF        Imp:/WORK/SYS_TOP_dft/RegFile/memory_reg[4][0]

  Ref  DFF        Ref:/WORK/SYS_TOP_dft/RegFile/memory_reg[4][1]
  Impl DFF        Imp:/WORK/SYS_TOP_dft/RegFile/memory_reg[4][1]

  Ref  DFF        Ref:/WORK/SYS_TOP_dft/RegFile/memory_reg[4][2]
  Impl DFF        Imp:/WORK/SYS_TOP_dft/RegFile/memory_reg[4][2]

  Ref  DFF        Ref:/WORK/SYS_TOP_dft/RegFile/memory_reg[4][3]
  Impl DFF        Imp:/WORK/SYS_TOP_dft/RegFile/memory_reg[4][3]

  Ref  DFF        Ref:/WORK/SYS_TOP_dft/RegFile/memory_reg[4][4]
  Impl DFF        Imp:/WORK/SYS_TOP_dft/RegFile/memory_reg[4][4]

  Ref  DFF        Ref:/WORK/SYS_TOP_dft/RegFile/memory_reg[4][5]
  Impl DFF        Imp:/WORK/SYS_TOP_dft/RegFile/memory_reg[4][5]

  Ref  DFF        Ref:/WORK/SYS_TOP_dft/RegFile/memory_reg[4][6]
  Impl DFF        Imp:/WORK/SYS_TOP_dft/RegFile/memory_reg[4][6]

  Ref  DFF        Ref:/WORK/SYS_TOP_dft/RegFile/memory_reg[4][7]
  Impl DFF        Imp:/WORK/SYS_TOP_dft/RegFile/memory_reg[4][7]

  Ref  DFF        Ref:/WORK/SYS_TOP_dft/RegFile/memory_reg[5][0]
  Impl DFF        Imp:/WORK/SYS_TOP_dft/RegFile/memory_reg[5][0]

  Ref  DFF        Ref:/WORK/SYS_TOP_dft/RegFile/memory_reg[5][1]
  Impl DFF        Imp:/WORK/SYS_TOP_dft/RegFile/memory_reg[5][1]

  Ref  DFF        Ref:/WORK/SYS_TOP_dft/RegFile/memory_reg[5][2]
  Impl DFF        Imp:/WORK/SYS_TOP_dft/RegFile/memory_reg[5][2]

  Ref  DFF        Ref:/WORK/SYS_TOP_dft/RegFile/memory_reg[5][3]
  Impl DFF        Imp:/WORK/SYS_TOP_dft/RegFile/memory_reg[5][3]

  Ref  DFF        Ref:/WORK/SYS_TOP_dft/RegFile/memory_reg[5][4]
  Impl DFF        Imp:/WORK/SYS_TOP_dft/RegFile/memory_reg[5][4]

  Ref  DFF        Ref:/WORK/SYS_TOP_dft/RegFile/memory_reg[5][5]
  Impl DFF        Imp:/WORK/SYS_TOP_dft/RegFile/memory_reg[5][5]

  Ref  DFF        Ref:/WORK/SYS_TOP_dft/RegFile/memory_reg[5][6]
  Impl DFF        Imp:/WORK/SYS_TOP_dft/RegFile/memory_reg[5][6]

  Ref  DFF        Ref:/WORK/SYS_TOP_dft/RegFile/memory_reg[5][7]
  Impl DFF        Imp:/WORK/SYS_TOP_dft/RegFile/memory_reg[5][7]

  Ref  DFF        Ref:/WORK/SYS_TOP_dft/RegFile/memory_reg[6][0]
  Impl DFF        Imp:/WORK/SYS_TOP_dft/RegFile/memory_reg[6][0]

  Ref  DFF        Ref:/WORK/SYS_TOP_dft/RegFile/memory_reg[6][1]
  Impl DFF        Imp:/WORK/SYS_TOP_dft/RegFile/memory_reg[6][1]

  Ref  DFF        Ref:/WORK/SYS_TOP_dft/RegFile/memory_reg[6][2]
  Impl DFF        Imp:/WORK/SYS_TOP_dft/RegFile/memory_reg[6][2]

  Ref  DFF        Ref:/WORK/SYS_TOP_dft/RegFile/memory_reg[6][3]
  Impl DFF        Imp:/WORK/SYS_TOP_dft/RegFile/memory_reg[6][3]

  Ref  DFF        Ref:/WORK/SYS_TOP_dft/RegFile/memory_reg[6][4]
  Impl DFF        Imp:/WORK/SYS_TOP_dft/RegFile/memory_reg[6][4]

  Ref  DFF        Ref:/WORK/SYS_TOP_dft/RegFile/memory_reg[6][5]
  Impl DFF        Imp:/WORK/SYS_TOP_dft/RegFile/memory_reg[6][5]

  Ref  DFF        Ref:/WORK/SYS_TOP_dft/RegFile/memory_reg[6][6]
  Impl DFF        Imp:/WORK/SYS_TOP_dft/RegFile/memory_reg[6][6]

  Ref  DFF        Ref:/WORK/SYS_TOP_dft/RegFile/memory_reg[6][7]
  Impl DFF        Imp:/WORK/SYS_TOP_dft/RegFile/memory_reg[6][7]

  Ref  DFF        Ref:/WORK/SYS_TOP_dft/RegFile/memory_reg[7][0]
  Impl DFF        Imp:/WORK/SYS_TOP_dft/RegFile/memory_reg[7][0]

  Ref  DFF        Ref:/WORK/SYS_TOP_dft/RegFile/memory_reg[7][1]
  Impl DFF        Imp:/WORK/SYS_TOP_dft/RegFile/memory_reg[7][1]

  Ref  DFF        Ref:/WORK/SYS_TOP_dft/RegFile/memory_reg[7][2]
  Impl DFF        Imp:/WORK/SYS_TOP_dft/RegFile/memory_reg[7][2]

  Ref  DFF        Ref:/WORK/SYS_TOP_dft/RegFile/memory_reg[7][3]
  Impl DFF        Imp:/WORK/SYS_TOP_dft/RegFile/memory_reg[7][3]

  Ref  DFF        Ref:/WORK/SYS_TOP_dft/RegFile/memory_reg[7][4]
  Impl DFF        Imp:/WORK/SYS_TOP_dft/RegFile/memory_reg[7][4]

  Ref  DFF        Ref:/WORK/SYS_TOP_dft/RegFile/memory_reg[7][5]
  Impl DFF        Imp:/WORK/SYS_TOP_dft/RegFile/memory_reg[7][5]

  Ref  DFF        Ref:/WORK/SYS_TOP_dft/RegFile/memory_reg[7][6]
  Impl DFF        Imp:/WORK/SYS_TOP_dft/RegFile/memory_reg[7][6]

  Ref  DFF        Ref:/WORK/SYS_TOP_dft/RegFile/memory_reg[7][7]
  Impl DFF        Imp:/WORK/SYS_TOP_dft/RegFile/memory_reg[7][7]

  Ref  DFF        Ref:/WORK/SYS_TOP_dft/RegFile/memory_reg[8][0]
  Impl DFF        Imp:/WORK/SYS_TOP_dft/RegFile/memory_reg[8][0]

  Ref  DFF        Ref:/WORK/SYS_TOP_dft/RegFile/memory_reg[8][1]
  Impl DFF        Imp:/WORK/SYS_TOP_dft/RegFile/memory_reg[8][1]

  Ref  DFF        Ref:/WORK/SYS_TOP_dft/RegFile/memory_reg[8][2]
  Impl DFF        Imp:/WORK/SYS_TOP_dft/RegFile/memory_reg[8][2]

  Ref  DFF        Ref:/WORK/SYS_TOP_dft/RegFile/memory_reg[8][3]
  Impl DFF        Imp:/WORK/SYS_TOP_dft/RegFile/memory_reg[8][3]

  Ref  DFF        Ref:/WORK/SYS_TOP_dft/RegFile/memory_reg[8][4]
  Impl DFF        Imp:/WORK/SYS_TOP_dft/RegFile/memory_reg[8][4]

  Ref  DFF        Ref:/WORK/SYS_TOP_dft/RegFile/memory_reg[8][5]
  Impl DFF        Imp:/WORK/SYS_TOP_dft/RegFile/memory_reg[8][5]

  Ref  DFF        Ref:/WORK/SYS_TOP_dft/RegFile/memory_reg[8][6]
  Impl DFF        Imp:/WORK/SYS_TOP_dft/RegFile/memory_reg[8][6]

  Ref  DFF        Ref:/WORK/SYS_TOP_dft/RegFile/memory_reg[8][7]
  Impl DFF        Imp:/WORK/SYS_TOP_dft/RegFile/memory_reg[8][7]

  Ref  DFF        Ref:/WORK/SYS_TOP_dft/RegFile/memory_reg[9][0]
  Impl DFF        Imp:/WORK/SYS_TOP_dft/RegFile/memory_reg[9][0]

  Ref  DFF        Ref:/WORK/SYS_TOP_dft/RegFile/memory_reg[9][1]
  Impl DFF        Imp:/WORK/SYS_TOP_dft/RegFile/memory_reg[9][1]

  Ref  DFF        Ref:/WORK/SYS_TOP_dft/RegFile/memory_reg[9][2]
  Impl DFF        Imp:/WORK/SYS_TOP_dft/RegFile/memory_reg[9][2]

  Ref  DFF        Ref:/WORK/SYS_TOP_dft/RegFile/memory_reg[9][3]
  Impl DFF        Imp:/WORK/SYS_TOP_dft/RegFile/memory_reg[9][3]

  Ref  DFF        Ref:/WORK/SYS_TOP_dft/RegFile/memory_reg[9][4]
  Impl DFF        Imp:/WORK/SYS_TOP_dft/RegFile/memory_reg[9][4]

  Ref  DFF        Ref:/WORK/SYS_TOP_dft/RegFile/memory_reg[9][5]
  Impl DFF        Imp:/WORK/SYS_TOP_dft/RegFile/memory_reg[9][5]

  Ref  DFF        Ref:/WORK/SYS_TOP_dft/RegFile/memory_reg[9][6]
  Impl DFF        Imp:/WORK/SYS_TOP_dft/RegFile/memory_reg[9][6]

  Ref  DFF        Ref:/WORK/SYS_TOP_dft/RegFile/memory_reg[9][7]
  Impl DFF        Imp:/WORK/SYS_TOP_dft/RegFile/memory_reg[9][7]

  Ref  DFF        Ref:/WORK/SYS_TOP_dft/SYS_Cntroller/Stored_Frame1_reg[0]
  Impl DFF        Imp:/WORK/SYS_TOP_dft/SYS_Cntroller/Stored_Frame1_reg[0]

  Ref  DFF        Ref:/WORK/SYS_TOP_dft/SYS_Cntroller/Stored_Frame1_reg[1]
  Impl DFF        Imp:/WORK/SYS_TOP_dft/SYS_Cntroller/Stored_Frame1_reg[1]

  Ref  DFF        Ref:/WORK/SYS_TOP_dft/SYS_Cntroller/Stored_Frame1_reg[2]
  Impl DFF        Imp:/WORK/SYS_TOP_dft/SYS_Cntroller/Stored_Frame1_reg[2]

  Ref  DFF        Ref:/WORK/SYS_TOP_dft/SYS_Cntroller/Stored_Frame1_reg[3]
  Impl DFF        Imp:/WORK/SYS_TOP_dft/SYS_Cntroller/Stored_Frame1_reg[3]

  Ref  DFF        Ref:/WORK/SYS_TOP_dft/SYS_Cntroller/Stored_Frame1_reg[4]
  Impl DFF        Imp:/WORK/SYS_TOP_dft/SYS_Cntroller/Stored_Frame1_reg[4]

  Ref  DFF        Ref:/WORK/SYS_TOP_dft/SYS_Cntroller/Stored_Frame1_reg[5]
  Impl DFF        Imp:/WORK/SYS_TOP_dft/SYS_Cntroller/Stored_Frame1_reg[5]

  Ref  DFF        Ref:/WORK/SYS_TOP_dft/SYS_Cntroller/Stored_Frame1_reg[6]
  Impl DFF        Imp:/WORK/SYS_TOP_dft/SYS_Cntroller/Stored_Frame1_reg[6]

  Ref  DFF        Ref:/WORK/SYS_TOP_dft/SYS_Cntroller/Stored_Frame1_reg[7]
  Impl DFF        Imp:/WORK/SYS_TOP_dft/SYS_Cntroller/Stored_Frame1_reg[7]

  Ref  DFF        Ref:/WORK/SYS_TOP_dft/SYS_Cntroller/Stored_Frame2_reg[0]
  Impl DFF        Imp:/WORK/SYS_TOP_dft/SYS_Cntroller/Stored_Frame2_reg[0]

  Ref  DFF        Ref:/WORK/SYS_TOP_dft/SYS_Cntroller/Stored_Frame2_reg[1]
  Impl DFF        Imp:/WORK/SYS_TOP_dft/SYS_Cntroller/Stored_Frame2_reg[1]

  Ref  DFF        Ref:/WORK/SYS_TOP_dft/SYS_Cntroller/Stored_Frame2_reg[2]
  Impl DFF        Imp:/WORK/SYS_TOP_dft/SYS_Cntroller/Stored_Frame2_reg[2]

  Ref  DFF        Ref:/WORK/SYS_TOP_dft/SYS_Cntroller/Stored_Frame2_reg[3]
  Impl DFF        Imp:/WORK/SYS_TOP_dft/SYS_Cntroller/Stored_Frame2_reg[3]

  Ref  DFF        Ref:/WORK/SYS_TOP_dft/SYS_Cntroller/Stored_Frame2_reg[4]
  Impl DFF        Imp:/WORK/SYS_TOP_dft/SYS_Cntroller/Stored_Frame2_reg[4]

  Ref  DFF        Ref:/WORK/SYS_TOP_dft/SYS_Cntroller/Stored_Frame2_reg[5]
  Impl DFF        Imp:/WORK/SYS_TOP_dft/SYS_Cntroller/Stored_Frame2_reg[5]

  Ref  DFF        Ref:/WORK/SYS_TOP_dft/SYS_Cntroller/Stored_Frame2_reg[6]
  Impl DFF        Imp:/WORK/SYS_TOP_dft/SYS_Cntroller/Stored_Frame2_reg[6]

  Ref  DFF        Ref:/WORK/SYS_TOP_dft/SYS_Cntroller/Stored_Frame2_reg[7]
  Impl DFF        Imp:/WORK/SYS_TOP_dft/SYS_Cntroller/Stored_Frame2_reg[7]

  Ref  DFF        Ref:/WORK/SYS_TOP_dft/SYS_Cntroller/Stored_Frame3_reg[0]
  Impl DFF        Imp:/WORK/SYS_TOP_dft/SYS_Cntroller/Stored_Frame3_reg[0]

  Ref  DFF        Ref:/WORK/SYS_TOP_dft/SYS_Cntroller/Stored_Frame3_reg[1]
  Impl DFF        Imp:/WORK/SYS_TOP_dft/SYS_Cntroller/Stored_Frame3_reg[1]

  Ref  DFF        Ref:/WORK/SYS_TOP_dft/SYS_Cntroller/Stored_Frame3_reg[2]
  Impl DFF        Imp:/WORK/SYS_TOP_dft/SYS_Cntroller/Stored_Frame3_reg[2]

  Ref  DFF        Ref:/WORK/SYS_TOP_dft/SYS_Cntroller/Stored_Frame3_reg[3]
  Impl DFF        Imp:/WORK/SYS_TOP_dft/SYS_Cntroller/Stored_Frame3_reg[3]

  Ref  DFF        Ref:/WORK/SYS_TOP_dft/SYS_Cntroller/Stored_Frame3_reg[4]
  Impl DFF        Imp:/WORK/SYS_TOP_dft/SYS_Cntroller/Stored_Frame3_reg[4]

  Ref  DFF        Ref:/WORK/SYS_TOP_dft/SYS_Cntroller/Stored_Frame3_reg[5]
  Impl DFF        Imp:/WORK/SYS_TOP_dft/SYS_Cntroller/Stored_Frame3_reg[5]

  Ref  DFF        Ref:/WORK/SYS_TOP_dft/SYS_Cntroller/Stored_Frame3_reg[6]
  Impl DFF        Imp:/WORK/SYS_TOP_dft/SYS_Cntroller/Stored_Frame3_reg[6]

  Ref  DFF        Ref:/WORK/SYS_TOP_dft/SYS_Cntroller/Stored_Frame3_reg[7]
  Impl DFF        Imp:/WORK/SYS_TOP_dft/SYS_Cntroller/Stored_Frame3_reg[7]

  Ref  DFF        Ref:/WORK/SYS_TOP_dft/SYS_Cntroller/current_state_reg[0]
  Impl DFF        Imp:/WORK/SYS_TOP_dft/SYS_Cntroller/current_state_reg[0]

  Ref  DFF        Ref:/WORK/SYS_TOP_dft/SYS_Cntroller/current_state_reg[1]
  Impl DFF        Imp:/WORK/SYS_TOP_dft/SYS_Cntroller/current_state_reg[1]

  Ref  DFF        Ref:/WORK/SYS_TOP_dft/SYS_Cntroller/current_state_reg[2]
  Impl DFF        Imp:/WORK/SYS_TOP_dft/SYS_Cntroller/current_state_reg[2]

  Ref  DFF        Ref:/WORK/SYS_TOP_dft/SYS_Cntroller/current_state_reg[3]
  Impl DFF        Imp:/WORK/SYS_TOP_dft/SYS_Cntroller/current_state_reg[3]

  Ref  DFF        Ref:/WORK/SYS_TOP_dft/U0_ALU/ALU_OUT_reg[0]
  Impl DFF        Imp:/WORK/SYS_TOP_dft/U0_ALU/ALU_OUT_reg[0]

  Ref  DFF        Ref:/WORK/SYS_TOP_dft/U0_ALU/ALU_OUT_reg[10]
  Impl DFF        Imp:/WORK/SYS_TOP_dft/U0_ALU/ALU_OUT_reg[10]

  Ref  DFF        Ref:/WORK/SYS_TOP_dft/U0_ALU/ALU_OUT_reg[11]
  Impl DFF        Imp:/WORK/SYS_TOP_dft/U0_ALU/ALU_OUT_reg[11]

  Ref  DFF        Ref:/WORK/SYS_TOP_dft/U0_ALU/ALU_OUT_reg[12]
  Impl DFF        Imp:/WORK/SYS_TOP_dft/U0_ALU/ALU_OUT_reg[12]

  Ref  DFF        Ref:/WORK/SYS_TOP_dft/U0_ALU/ALU_OUT_reg[13]
  Impl DFF        Imp:/WORK/SYS_TOP_dft/U0_ALU/ALU_OUT_reg[13]

  Ref  DFF        Ref:/WORK/SYS_TOP_dft/U0_ALU/ALU_OUT_reg[14]
  Impl DFF        Imp:/WORK/SYS_TOP_dft/U0_ALU/ALU_OUT_reg[14]

  Ref  DFF        Ref:/WORK/SYS_TOP_dft/U0_ALU/ALU_OUT_reg[15]
  Impl DFF        Imp:/WORK/SYS_TOP_dft/U0_ALU/ALU_OUT_reg[15]

  Ref  DFF        Ref:/WORK/SYS_TOP_dft/U0_ALU/ALU_OUT_reg[1]
  Impl DFF        Imp:/WORK/SYS_TOP_dft/U0_ALU/ALU_OUT_reg[1]

  Ref  DFF        Ref:/WORK/SYS_TOP_dft/U0_ALU/ALU_OUT_reg[2]
  Impl DFF        Imp:/WORK/SYS_TOP_dft/U0_ALU/ALU_OUT_reg[2]

  Ref  DFF        Ref:/WORK/SYS_TOP_dft/U0_ALU/ALU_OUT_reg[3]
  Impl DFF        Imp:/WORK/SYS_TOP_dft/U0_ALU/ALU_OUT_reg[3]

  Ref  DFF        Ref:/WORK/SYS_TOP_dft/U0_ALU/ALU_OUT_reg[4]
  Impl DFF        Imp:/WORK/SYS_TOP_dft/U0_ALU/ALU_OUT_reg[4]

  Ref  DFF        Ref:/WORK/SYS_TOP_dft/U0_ALU/ALU_OUT_reg[5]
  Impl DFF        Imp:/WORK/SYS_TOP_dft/U0_ALU/ALU_OUT_reg[5]

  Ref  DFF        Ref:/WORK/SYS_TOP_dft/U0_ALU/ALU_OUT_reg[6]
  Impl DFF        Imp:/WORK/SYS_TOP_dft/U0_ALU/ALU_OUT_reg[6]

  Ref  DFF        Ref:/WORK/SYS_TOP_dft/U0_ALU/ALU_OUT_reg[7]
  Impl DFF        Imp:/WORK/SYS_TOP_dft/U0_ALU/ALU_OUT_reg[7]

  Ref  DFF        Ref:/WORK/SYS_TOP_dft/U0_ALU/ALU_OUT_reg[8]
  Impl DFF        Imp:/WORK/SYS_TOP_dft/U0_ALU/ALU_OUT_reg[8]

  Ref  DFF        Ref:/WORK/SYS_TOP_dft/U0_ALU/ALU_OUT_reg[9]
  Impl DFF        Imp:/WORK/SYS_TOP_dft/U0_ALU/ALU_OUT_reg[9]

  Ref  DFF        Ref:/WORK/SYS_TOP_dft/U0_ALU/OUT_Valid_reg
  Impl DFF        Imp:/WORK/SYS_TOP_dft/U0_ALU/OUT_Valid_reg

  Ref  DFF        Ref:/WORK/SYS_TOP_dft/U0_PULSE_GEN/pls_flop_reg
  Impl DFF        Imp:/WORK/SYS_TOP_dft/U0_PULSE_GEN/pls_flop_reg

  Ref  DFF        Ref:/WORK/SYS_TOP_dft/U0_PULSE_GEN/rcv_flop_reg
  Impl DFF        Imp:/WORK/SYS_TOP_dft/U0_PULSE_GEN/rcv_flop_reg

  Ref  DFF        Ref:/WORK/SYS_TOP_dft/UART_FIFO/U0_FIFO_W/Address_reg[0]
  Impl DFF        Imp:/WORK/SYS_TOP_dft/UART_FIFO/U0_FIFO_W/Address_reg[0]

  Ref  DFF        Ref:/WORK/SYS_TOP_dft/UART_FIFO/U0_FIFO_W/Address_reg[1]
  Impl DFF        Imp:/WORK/SYS_TOP_dft/UART_FIFO/U0_FIFO_W/Address_reg[1]

  Ref  DFF        Ref:/WORK/SYS_TOP_dft/UART_FIFO/U0_FIFO_W/Address_reg[2]
  Impl DFF        Imp:/WORK/SYS_TOP_dft/UART_FIFO/U0_FIFO_W/Address_reg[2]

  Ref  DFF        Ref:/WORK/SYS_TOP_dft/UART_FIFO/U0_FIFO_W/Address_reg[3]
  Impl DFF        Imp:/WORK/SYS_TOP_dft/UART_FIFO/U0_FIFO_W/Address_reg[3]

  Ref  DFF        Ref:/WORK/SYS_TOP_dft/UART_FIFO/U0_FIFO_W/GW_Ptr_reg[0]
  Impl DFF        Imp:/WORK/SYS_TOP_dft/UART_FIFO/U0_FIFO_W/GW_Ptr_reg[0]

  Ref  DFF        Ref:/WORK/SYS_TOP_dft/UART_FIFO/U0_FIFO_W/GW_Ptr_reg[1]
  Impl DFF        Imp:/WORK/SYS_TOP_dft/UART_FIFO/U0_FIFO_W/GW_Ptr_reg[1]

  Ref  DFF        Ref:/WORK/SYS_TOP_dft/UART_FIFO/U0_FIFO_W/GW_Ptr_reg[2]
  Impl DFF        Imp:/WORK/SYS_TOP_dft/UART_FIFO/U0_FIFO_W/GW_Ptr_reg[2]

  Ref  DFF        Ref:/WORK/SYS_TOP_dft/UART_FIFO/U0_FIFO_W/GW_Ptr_reg[3]
  Impl DFF        Imp:/WORK/SYS_TOP_dft/UART_FIFO/U0_FIFO_W/GW_Ptr_reg[3]

  Ref  DFF        Ref:/WORK/SYS_TOP_dft/UART_FIFO/U1_W2R_SYNC/sync_reg_reg[0][0]
  Impl DFF        Imp:/WORK/SYS_TOP_dft/UART_FIFO/U1_W2R_SYNC/sync_reg_reg[0][0]

  Ref  DFF        Ref:/WORK/SYS_TOP_dft/UART_FIFO/U1_W2R_SYNC/sync_reg_reg[0][1]
  Impl DFF        Imp:/WORK/SYS_TOP_dft/UART_FIFO/U1_W2R_SYNC/sync_reg_reg[0][1]

  Ref  DFF        Ref:/WORK/SYS_TOP_dft/UART_FIFO/U1_W2R_SYNC/sync_reg_reg[1][0]
  Impl DFF        Imp:/WORK/SYS_TOP_dft/UART_FIFO/U1_W2R_SYNC/sync_reg_reg[1][0]

  Ref  DFF        Ref:/WORK/SYS_TOP_dft/UART_FIFO/U1_W2R_SYNC/sync_reg_reg[1][1]
  Impl DFF        Imp:/WORK/SYS_TOP_dft/UART_FIFO/U1_W2R_SYNC/sync_reg_reg[1][1]

  Ref  DFF        Ref:/WORK/SYS_TOP_dft/UART_FIFO/U1_W2R_SYNC/sync_reg_reg[2][0]
  Impl DFF        Imp:/WORK/SYS_TOP_dft/UART_FIFO/U1_W2R_SYNC/sync_reg_reg[2][0]

  Ref  DFF        Ref:/WORK/SYS_TOP_dft/UART_FIFO/U1_W2R_SYNC/sync_reg_reg[2][1]
  Impl DFF        Imp:/WORK/SYS_TOP_dft/UART_FIFO/U1_W2R_SYNC/sync_reg_reg[2][1]

  Ref  DFF        Ref:/WORK/SYS_TOP_dft/UART_FIFO/U1_W2R_SYNC/sync_reg_reg[3][0]
  Impl DFF        Imp:/WORK/SYS_TOP_dft/UART_FIFO/U1_W2R_SYNC/sync_reg_reg[3][0]

  Ref  DFF        Ref:/WORK/SYS_TOP_dft/UART_FIFO/U1_W2R_SYNC/sync_reg_reg[3][1]
  Impl DFF        Imp:/WORK/SYS_TOP_dft/UART_FIFO/U1_W2R_SYNC/sync_reg_reg[3][1]

  Ref  DFF        Ref:/WORK/SYS_TOP_dft/UART_FIFO/U2_FIFO_R/Address_reg[0]
  Impl DFF        Imp:/WORK/SYS_TOP_dft/UART_FIFO/U2_FIFO_R/Address_reg[0]

  Ref  DFF        Ref:/WORK/SYS_TOP_dft/UART_FIFO/U2_FIFO_R/Address_reg[1]
  Impl DFF        Imp:/WORK/SYS_TOP_dft/UART_FIFO/U2_FIFO_R/Address_reg[1]

  Ref  DFF        Ref:/WORK/SYS_TOP_dft/UART_FIFO/U2_FIFO_R/Address_reg[2]
  Impl DFF        Imp:/WORK/SYS_TOP_dft/UART_FIFO/U2_FIFO_R/Address_reg[2]

  Ref  DFF        Ref:/WORK/SYS_TOP_dft/UART_FIFO/U2_FIFO_R/Address_reg[3]
  Impl DFF        Imp:/WORK/SYS_TOP_dft/UART_FIFO/U2_FIFO_R/Address_reg[3]

  Ref  DFF        Ref:/WORK/SYS_TOP_dft/UART_FIFO/U2_FIFO_R/GR_Ptr_reg[0]
  Impl DFF        Imp:/WORK/SYS_TOP_dft/UART_FIFO/U2_FIFO_R/GR_Ptr_reg[0]

  Ref  DFF        Ref:/WORK/SYS_TOP_dft/UART_FIFO/U2_FIFO_R/GR_Ptr_reg[1]
  Impl DFF        Imp:/WORK/SYS_TOP_dft/UART_FIFO/U2_FIFO_R/GR_Ptr_reg[1]

  Ref  DFF        Ref:/WORK/SYS_TOP_dft/UART_FIFO/U2_FIFO_R/GR_Ptr_reg[2]
  Impl DFF        Imp:/WORK/SYS_TOP_dft/UART_FIFO/U2_FIFO_R/GR_Ptr_reg[2]

  Ref  DFF        Ref:/WORK/SYS_TOP_dft/UART_FIFO/U2_FIFO_R/GR_Ptr_reg[3]
  Impl DFF        Imp:/WORK/SYS_TOP_dft/UART_FIFO/U2_FIFO_R/GR_Ptr_reg[3]

  Ref  DFF        Ref:/WORK/SYS_TOP_dft/UART_FIFO/U3_R2W_SYNC/sync_reg_reg[0][0]
  Impl DFF        Imp:/WORK/SYS_TOP_dft/UART_FIFO/U3_R2W_SYNC/sync_reg_reg[0][0]

  Ref  DFF        Ref:/WORK/SYS_TOP_dft/UART_FIFO/U3_R2W_SYNC/sync_reg_reg[0][1]
  Impl DFF        Imp:/WORK/SYS_TOP_dft/UART_FIFO/U3_R2W_SYNC/sync_reg_reg[0][1]

  Ref  DFF        Ref:/WORK/SYS_TOP_dft/UART_FIFO/U3_R2W_SYNC/sync_reg_reg[1][0]
  Impl DFF        Imp:/WORK/SYS_TOP_dft/UART_FIFO/U3_R2W_SYNC/sync_reg_reg[1][0]

  Ref  DFF        Ref:/WORK/SYS_TOP_dft/UART_FIFO/U3_R2W_SYNC/sync_reg_reg[1][1]
  Impl DFF        Imp:/WORK/SYS_TOP_dft/UART_FIFO/U3_R2W_SYNC/sync_reg_reg[1][1]

  Ref  DFF        Ref:/WORK/SYS_TOP_dft/UART_FIFO/U3_R2W_SYNC/sync_reg_reg[2][0]
  Impl DFF        Imp:/WORK/SYS_TOP_dft/UART_FIFO/U3_R2W_SYNC/sync_reg_reg[2][0]

  Ref  DFF        Ref:/WORK/SYS_TOP_dft/UART_FIFO/U3_R2W_SYNC/sync_reg_reg[2][1]
  Impl DFF        Imp:/WORK/SYS_TOP_dft/UART_FIFO/U3_R2W_SYNC/sync_reg_reg[2][1]

  Ref  DFF        Ref:/WORK/SYS_TOP_dft/UART_FIFO/U3_R2W_SYNC/sync_reg_reg[3][0]
  Impl DFF        Imp:/WORK/SYS_TOP_dft/UART_FIFO/U3_R2W_SYNC/sync_reg_reg[3][0]

  Ref  DFF        Ref:/WORK/SYS_TOP_dft/UART_FIFO/U3_R2W_SYNC/sync_reg_reg[3][1]
  Impl DFF        Imp:/WORK/SYS_TOP_dft/UART_FIFO/U3_R2W_SYNC/sync_reg_reg[3][1]

  Ref  DFF        Ref:/WORK/SYS_TOP_dft/UART_FIFO/U4_FIFO_MEM/memory_reg[0][0]
  Impl DFF        Imp:/WORK/SYS_TOP_dft/UART_FIFO/U4_FIFO_MEM/memory_reg[0][0]

  Ref  DFF        Ref:/WORK/SYS_TOP_dft/UART_FIFO/U4_FIFO_MEM/memory_reg[0][1]
  Impl DFF        Imp:/WORK/SYS_TOP_dft/UART_FIFO/U4_FIFO_MEM/memory_reg[0][1]

  Ref  DFF        Ref:/WORK/SYS_TOP_dft/UART_FIFO/U4_FIFO_MEM/memory_reg[0][2]
  Impl DFF        Imp:/WORK/SYS_TOP_dft/UART_FIFO/U4_FIFO_MEM/memory_reg[0][2]

  Ref  DFF        Ref:/WORK/SYS_TOP_dft/UART_FIFO/U4_FIFO_MEM/memory_reg[0][3]
  Impl DFF        Imp:/WORK/SYS_TOP_dft/UART_FIFO/U4_FIFO_MEM/memory_reg[0][3]

  Ref  DFF        Ref:/WORK/SYS_TOP_dft/UART_FIFO/U4_FIFO_MEM/memory_reg[0][4]
  Impl DFF        Imp:/WORK/SYS_TOP_dft/UART_FIFO/U4_FIFO_MEM/memory_reg[0][4]

  Ref  DFF        Ref:/WORK/SYS_TOP_dft/UART_FIFO/U4_FIFO_MEM/memory_reg[0][5]
  Impl DFF        Imp:/WORK/SYS_TOP_dft/UART_FIFO/U4_FIFO_MEM/memory_reg[0][5]

  Ref  DFF        Ref:/WORK/SYS_TOP_dft/UART_FIFO/U4_FIFO_MEM/memory_reg[0][6]
  Impl DFF        Imp:/WORK/SYS_TOP_dft/UART_FIFO/U4_FIFO_MEM/memory_reg[0][6]

  Ref  DFF        Ref:/WORK/SYS_TOP_dft/UART_FIFO/U4_FIFO_MEM/memory_reg[0][7]
  Impl DFF        Imp:/WORK/SYS_TOP_dft/UART_FIFO/U4_FIFO_MEM/memory_reg[0][7]

  Ref  DFF        Ref:/WORK/SYS_TOP_dft/UART_FIFO/U4_FIFO_MEM/memory_reg[1][0]
  Impl DFF        Imp:/WORK/SYS_TOP_dft/UART_FIFO/U4_FIFO_MEM/memory_reg[1][0]

  Ref  DFF        Ref:/WORK/SYS_TOP_dft/UART_FIFO/U4_FIFO_MEM/memory_reg[1][1]
  Impl DFF        Imp:/WORK/SYS_TOP_dft/UART_FIFO/U4_FIFO_MEM/memory_reg[1][1]

  Ref  DFF        Ref:/WORK/SYS_TOP_dft/UART_FIFO/U4_FIFO_MEM/memory_reg[1][2]
  Impl DFF        Imp:/WORK/SYS_TOP_dft/UART_FIFO/U4_FIFO_MEM/memory_reg[1][2]

  Ref  DFF        Ref:/WORK/SYS_TOP_dft/UART_FIFO/U4_FIFO_MEM/memory_reg[1][3]
  Impl DFF        Imp:/WORK/SYS_TOP_dft/UART_FIFO/U4_FIFO_MEM/memory_reg[1][3]

  Ref  DFF        Ref:/WORK/SYS_TOP_dft/UART_FIFO/U4_FIFO_MEM/memory_reg[1][4]
  Impl DFF        Imp:/WORK/SYS_TOP_dft/UART_FIFO/U4_FIFO_MEM/memory_reg[1][4]

  Ref  DFF        Ref:/WORK/SYS_TOP_dft/UART_FIFO/U4_FIFO_MEM/memory_reg[1][5]
  Impl DFF        Imp:/WORK/SYS_TOP_dft/UART_FIFO/U4_FIFO_MEM/memory_reg[1][5]

  Ref  DFF        Ref:/WORK/SYS_TOP_dft/UART_FIFO/U4_FIFO_MEM/memory_reg[1][6]
  Impl DFF        Imp:/WORK/SYS_TOP_dft/UART_FIFO/U4_FIFO_MEM/memory_reg[1][6]

  Ref  DFF        Ref:/WORK/SYS_TOP_dft/UART_FIFO/U4_FIFO_MEM/memory_reg[1][7]
  Impl DFF        Imp:/WORK/SYS_TOP_dft/UART_FIFO/U4_FIFO_MEM/memory_reg[1][7]

  Ref  DFF        Ref:/WORK/SYS_TOP_dft/UART_FIFO/U4_FIFO_MEM/memory_reg[2][0]
  Impl DFF        Imp:/WORK/SYS_TOP_dft/UART_FIFO/U4_FIFO_MEM/memory_reg[2][0]

  Ref  DFF        Ref:/WORK/SYS_TOP_dft/UART_FIFO/U4_FIFO_MEM/memory_reg[2][1]
  Impl DFF        Imp:/WORK/SYS_TOP_dft/UART_FIFO/U4_FIFO_MEM/memory_reg[2][1]

  Ref  DFF        Ref:/WORK/SYS_TOP_dft/UART_FIFO/U4_FIFO_MEM/memory_reg[2][2]
  Impl DFF        Imp:/WORK/SYS_TOP_dft/UART_FIFO/U4_FIFO_MEM/memory_reg[2][2]

  Ref  DFF        Ref:/WORK/SYS_TOP_dft/UART_FIFO/U4_FIFO_MEM/memory_reg[2][3]
  Impl DFF        Imp:/WORK/SYS_TOP_dft/UART_FIFO/U4_FIFO_MEM/memory_reg[2][3]

  Ref  DFF        Ref:/WORK/SYS_TOP_dft/UART_FIFO/U4_FIFO_MEM/memory_reg[2][4]
  Impl DFF        Imp:/WORK/SYS_TOP_dft/UART_FIFO/U4_FIFO_MEM/memory_reg[2][4]

  Ref  DFF        Ref:/WORK/SYS_TOP_dft/UART_FIFO/U4_FIFO_MEM/memory_reg[2][5]
  Impl DFF        Imp:/WORK/SYS_TOP_dft/UART_FIFO/U4_FIFO_MEM/memory_reg[2][5]

  Ref  DFF        Ref:/WORK/SYS_TOP_dft/UART_FIFO/U4_FIFO_MEM/memory_reg[2][6]
  Impl DFF        Imp:/WORK/SYS_TOP_dft/UART_FIFO/U4_FIFO_MEM/memory_reg[2][6]

  Ref  DFF        Ref:/WORK/SYS_TOP_dft/UART_FIFO/U4_FIFO_MEM/memory_reg[2][7]
  Impl DFF        Imp:/WORK/SYS_TOP_dft/UART_FIFO/U4_FIFO_MEM/memory_reg[2][7]

  Ref  DFF        Ref:/WORK/SYS_TOP_dft/UART_FIFO/U4_FIFO_MEM/memory_reg[3][0]
  Impl DFF        Imp:/WORK/SYS_TOP_dft/UART_FIFO/U4_FIFO_MEM/memory_reg[3][0]

  Ref  DFF        Ref:/WORK/SYS_TOP_dft/UART_FIFO/U4_FIFO_MEM/memory_reg[3][1]
  Impl DFF        Imp:/WORK/SYS_TOP_dft/UART_FIFO/U4_FIFO_MEM/memory_reg[3][1]

  Ref  DFF        Ref:/WORK/SYS_TOP_dft/UART_FIFO/U4_FIFO_MEM/memory_reg[3][2]
  Impl DFF        Imp:/WORK/SYS_TOP_dft/UART_FIFO/U4_FIFO_MEM/memory_reg[3][2]

  Ref  DFF        Ref:/WORK/SYS_TOP_dft/UART_FIFO/U4_FIFO_MEM/memory_reg[3][3]
  Impl DFF        Imp:/WORK/SYS_TOP_dft/UART_FIFO/U4_FIFO_MEM/memory_reg[3][3]

  Ref  DFF        Ref:/WORK/SYS_TOP_dft/UART_FIFO/U4_FIFO_MEM/memory_reg[3][4]
  Impl DFF        Imp:/WORK/SYS_TOP_dft/UART_FIFO/U4_FIFO_MEM/memory_reg[3][4]

  Ref  DFF        Ref:/WORK/SYS_TOP_dft/UART_FIFO/U4_FIFO_MEM/memory_reg[3][5]
  Impl DFF        Imp:/WORK/SYS_TOP_dft/UART_FIFO/U4_FIFO_MEM/memory_reg[3][5]

  Ref  DFF        Ref:/WORK/SYS_TOP_dft/UART_FIFO/U4_FIFO_MEM/memory_reg[3][6]
  Impl DFF        Imp:/WORK/SYS_TOP_dft/UART_FIFO/U4_FIFO_MEM/memory_reg[3][6]

  Ref  DFF        Ref:/WORK/SYS_TOP_dft/UART_FIFO/U4_FIFO_MEM/memory_reg[3][7]
  Impl DFF        Imp:/WORK/SYS_TOP_dft/UART_FIFO/U4_FIFO_MEM/memory_reg[3][7]

  Ref  DFF        Ref:/WORK/SYS_TOP_dft/UART_FIFO/U4_FIFO_MEM/memory_reg[4][0]
  Impl DFF        Imp:/WORK/SYS_TOP_dft/UART_FIFO/U4_FIFO_MEM/memory_reg[4][0]

  Ref  DFF        Ref:/WORK/SYS_TOP_dft/UART_FIFO/U4_FIFO_MEM/memory_reg[4][1]
  Impl DFF        Imp:/WORK/SYS_TOP_dft/UART_FIFO/U4_FIFO_MEM/memory_reg[4][1]

  Ref  DFF        Ref:/WORK/SYS_TOP_dft/UART_FIFO/U4_FIFO_MEM/memory_reg[4][2]
  Impl DFF        Imp:/WORK/SYS_TOP_dft/UART_FIFO/U4_FIFO_MEM/memory_reg[4][2]

  Ref  DFF        Ref:/WORK/SYS_TOP_dft/UART_FIFO/U4_FIFO_MEM/memory_reg[4][3]
  Impl DFF        Imp:/WORK/SYS_TOP_dft/UART_FIFO/U4_FIFO_MEM/memory_reg[4][3]

  Ref  DFF        Ref:/WORK/SYS_TOP_dft/UART_FIFO/U4_FIFO_MEM/memory_reg[4][4]
  Impl DFF        Imp:/WORK/SYS_TOP_dft/UART_FIFO/U4_FIFO_MEM/memory_reg[4][4]

  Ref  DFF        Ref:/WORK/SYS_TOP_dft/UART_FIFO/U4_FIFO_MEM/memory_reg[4][5]
  Impl DFF        Imp:/WORK/SYS_TOP_dft/UART_FIFO/U4_FIFO_MEM/memory_reg[4][5]

  Ref  DFF        Ref:/WORK/SYS_TOP_dft/UART_FIFO/U4_FIFO_MEM/memory_reg[4][6]
  Impl DFF        Imp:/WORK/SYS_TOP_dft/UART_FIFO/U4_FIFO_MEM/memory_reg[4][6]

  Ref  DFF        Ref:/WORK/SYS_TOP_dft/UART_FIFO/U4_FIFO_MEM/memory_reg[4][7]
  Impl DFF        Imp:/WORK/SYS_TOP_dft/UART_FIFO/U4_FIFO_MEM/memory_reg[4][7]

  Ref  DFF        Ref:/WORK/SYS_TOP_dft/UART_FIFO/U4_FIFO_MEM/memory_reg[5][0]
  Impl DFF        Imp:/WORK/SYS_TOP_dft/UART_FIFO/U4_FIFO_MEM/memory_reg[5][0]

  Ref  DFF        Ref:/WORK/SYS_TOP_dft/UART_FIFO/U4_FIFO_MEM/memory_reg[5][1]
  Impl DFF        Imp:/WORK/SYS_TOP_dft/UART_FIFO/U4_FIFO_MEM/memory_reg[5][1]

  Ref  DFF        Ref:/WORK/SYS_TOP_dft/UART_FIFO/U4_FIFO_MEM/memory_reg[5][2]
  Impl DFF        Imp:/WORK/SYS_TOP_dft/UART_FIFO/U4_FIFO_MEM/memory_reg[5][2]

  Ref  DFF        Ref:/WORK/SYS_TOP_dft/UART_FIFO/U4_FIFO_MEM/memory_reg[5][3]
  Impl DFF        Imp:/WORK/SYS_TOP_dft/UART_FIFO/U4_FIFO_MEM/memory_reg[5][3]

  Ref  DFF        Ref:/WORK/SYS_TOP_dft/UART_FIFO/U4_FIFO_MEM/memory_reg[5][4]
  Impl DFF        Imp:/WORK/SYS_TOP_dft/UART_FIFO/U4_FIFO_MEM/memory_reg[5][4]

  Ref  DFF        Ref:/WORK/SYS_TOP_dft/UART_FIFO/U4_FIFO_MEM/memory_reg[5][5]
  Impl DFF        Imp:/WORK/SYS_TOP_dft/UART_FIFO/U4_FIFO_MEM/memory_reg[5][5]

  Ref  DFF        Ref:/WORK/SYS_TOP_dft/UART_FIFO/U4_FIFO_MEM/memory_reg[5][6]
  Impl DFF        Imp:/WORK/SYS_TOP_dft/UART_FIFO/U4_FIFO_MEM/memory_reg[5][6]

  Ref  DFF        Ref:/WORK/SYS_TOP_dft/UART_FIFO/U4_FIFO_MEM/memory_reg[5][7]
  Impl DFF        Imp:/WORK/SYS_TOP_dft/UART_FIFO/U4_FIFO_MEM/memory_reg[5][7]

  Ref  DFF        Ref:/WORK/SYS_TOP_dft/UART_FIFO/U4_FIFO_MEM/memory_reg[6][0]
  Impl DFF        Imp:/WORK/SYS_TOP_dft/UART_FIFO/U4_FIFO_MEM/memory_reg[6][0]

  Ref  DFF        Ref:/WORK/SYS_TOP_dft/UART_FIFO/U4_FIFO_MEM/memory_reg[6][1]
  Impl DFF        Imp:/WORK/SYS_TOP_dft/UART_FIFO/U4_FIFO_MEM/memory_reg[6][1]

  Ref  DFF        Ref:/WORK/SYS_TOP_dft/UART_FIFO/U4_FIFO_MEM/memory_reg[6][2]
  Impl DFF        Imp:/WORK/SYS_TOP_dft/UART_FIFO/U4_FIFO_MEM/memory_reg[6][2]

  Ref  DFF        Ref:/WORK/SYS_TOP_dft/UART_FIFO/U4_FIFO_MEM/memory_reg[6][3]
  Impl DFF        Imp:/WORK/SYS_TOP_dft/UART_FIFO/U4_FIFO_MEM/memory_reg[6][3]

  Ref  DFF        Ref:/WORK/SYS_TOP_dft/UART_FIFO/U4_FIFO_MEM/memory_reg[6][4]
  Impl DFF        Imp:/WORK/SYS_TOP_dft/UART_FIFO/U4_FIFO_MEM/memory_reg[6][4]

  Ref  DFF        Ref:/WORK/SYS_TOP_dft/UART_FIFO/U4_FIFO_MEM/memory_reg[6][5]
  Impl DFF        Imp:/WORK/SYS_TOP_dft/UART_FIFO/U4_FIFO_MEM/memory_reg[6][5]

  Ref  DFF        Ref:/WORK/SYS_TOP_dft/UART_FIFO/U4_FIFO_MEM/memory_reg[6][6]
  Impl DFF        Imp:/WORK/SYS_TOP_dft/UART_FIFO/U4_FIFO_MEM/memory_reg[6][6]

  Ref  DFF        Ref:/WORK/SYS_TOP_dft/UART_FIFO/U4_FIFO_MEM/memory_reg[6][7]
  Impl DFF        Imp:/WORK/SYS_TOP_dft/UART_FIFO/U4_FIFO_MEM/memory_reg[6][7]

  Ref  DFF        Ref:/WORK/SYS_TOP_dft/UART_FIFO/U4_FIFO_MEM/memory_reg[7][0]
  Impl DFF        Imp:/WORK/SYS_TOP_dft/UART_FIFO/U4_FIFO_MEM/memory_reg[7][0]

  Ref  DFF        Ref:/WORK/SYS_TOP_dft/UART_FIFO/U4_FIFO_MEM/memory_reg[7][1]
  Impl DFF        Imp:/WORK/SYS_TOP_dft/UART_FIFO/U4_FIFO_MEM/memory_reg[7][1]

  Ref  DFF        Ref:/WORK/SYS_TOP_dft/UART_FIFO/U4_FIFO_MEM/memory_reg[7][2]
  Impl DFF        Imp:/WORK/SYS_TOP_dft/UART_FIFO/U4_FIFO_MEM/memory_reg[7][2]

  Ref  DFF        Ref:/WORK/SYS_TOP_dft/UART_FIFO/U4_FIFO_MEM/memory_reg[7][3]
  Impl DFF        Imp:/WORK/SYS_TOP_dft/UART_FIFO/U4_FIFO_MEM/memory_reg[7][3]

  Ref  DFF        Ref:/WORK/SYS_TOP_dft/UART_FIFO/U4_FIFO_MEM/memory_reg[7][4]
  Impl DFF        Imp:/WORK/SYS_TOP_dft/UART_FIFO/U4_FIFO_MEM/memory_reg[7][4]

  Ref  DFF        Ref:/WORK/SYS_TOP_dft/UART_FIFO/U4_FIFO_MEM/memory_reg[7][5]
  Impl DFF        Imp:/WORK/SYS_TOP_dft/UART_FIFO/U4_FIFO_MEM/memory_reg[7][5]

  Ref  DFF        Ref:/WORK/SYS_TOP_dft/UART_FIFO/U4_FIFO_MEM/memory_reg[7][6]
  Impl DFF        Imp:/WORK/SYS_TOP_dft/UART_FIFO/U4_FIFO_MEM/memory_reg[7][6]

  Ref  DFF        Ref:/WORK/SYS_TOP_dft/UART_FIFO/U4_FIFO_MEM/memory_reg[7][7]
  Impl DFF        Imp:/WORK/SYS_TOP_dft/UART_FIFO/U4_FIFO_MEM/memory_reg[7][7]

  Ref  DFF        Ref:/WORK/SYS_TOP_dft/UART_RST_SYNC/sync_reg_reg[0]
  Impl DFF        Imp:/WORK/SYS_TOP_dft/UART_RST_SYNC/sync_reg_reg[0]

  Ref  DFF        Ref:/WORK/SYS_TOP_dft/UART_RST_SYNC/sync_reg_reg[1]
  Impl DFF        Imp:/WORK/SYS_TOP_dft/UART_RST_SYNC/sync_reg_reg[1]

  Ref  DFF        Ref:/WORK/SYS_TOP_dft/UART_RX/U1/Sampeld_Bit_reg
  Impl DFF        Imp:/WORK/SYS_TOP_dft/UART_RX/U1/Sampeld_Bit_reg

  Ref  DFF        Ref:/WORK/SYS_TOP_dft/UART_RX/U1/Samples_reg[0]
  Impl DFF        Imp:/WORK/SYS_TOP_dft/UART_RX/U1/Samples_reg[0]

  Ref  DFF        Ref:/WORK/SYS_TOP_dft/UART_RX/U1/Samples_reg[1]
  Impl DFF        Imp:/WORK/SYS_TOP_dft/UART_RX/U1/Samples_reg[1]

  Ref  DFF        Ref:/WORK/SYS_TOP_dft/UART_RX/U1/Samples_reg[2]
  Impl DFF        Imp:/WORK/SYS_TOP_dft/UART_RX/U1/Samples_reg[2]

  Ref  DFF        Ref:/WORK/SYS_TOP_dft/UART_RX/U2/N_reg[0]
  Impl DFF        Imp:/WORK/SYS_TOP_dft/UART_RX/U2/N_reg[0]

  Ref  DFF        Ref:/WORK/SYS_TOP_dft/UART_RX/U2/N_reg[1]
  Impl DFF        Imp:/WORK/SYS_TOP_dft/UART_RX/U2/N_reg[1]

  Ref  DFF        Ref:/WORK/SYS_TOP_dft/UART_RX/U2/N_reg[2]
  Impl DFF        Imp:/WORK/SYS_TOP_dft/UART_RX/U2/N_reg[2]

  Ref  DFF        Ref:/WORK/SYS_TOP_dft/UART_RX/U2/N_reg[3]
  Impl DFF        Imp:/WORK/SYS_TOP_dft/UART_RX/U2/N_reg[3]

  Ref  DFF        Ref:/WORK/SYS_TOP_dft/UART_RX/U2/P_out_reg[0]
  Impl DFF        Imp:/WORK/SYS_TOP_dft/UART_RX/U2/P_out_reg[0]

  Ref  DFF        Ref:/WORK/SYS_TOP_dft/UART_RX/U2/P_out_reg[1]
  Impl DFF        Imp:/WORK/SYS_TOP_dft/UART_RX/U2/P_out_reg[1]

  Ref  DFF        Ref:/WORK/SYS_TOP_dft/UART_RX/U2/P_out_reg[2]
  Impl DFF        Imp:/WORK/SYS_TOP_dft/UART_RX/U2/P_out_reg[2]

  Ref  DFF        Ref:/WORK/SYS_TOP_dft/UART_RX/U2/P_out_reg[3]
  Impl DFF        Imp:/WORK/SYS_TOP_dft/UART_RX/U2/P_out_reg[3]

  Ref  DFF        Ref:/WORK/SYS_TOP_dft/UART_RX/U2/P_out_reg[4]
  Impl DFF        Imp:/WORK/SYS_TOP_dft/UART_RX/U2/P_out_reg[4]

  Ref  DFF        Ref:/WORK/SYS_TOP_dft/UART_RX/U2/P_out_reg[5]
  Impl DFF        Imp:/WORK/SYS_TOP_dft/UART_RX/U2/P_out_reg[5]

  Ref  DFF        Ref:/WORK/SYS_TOP_dft/UART_RX/U2/P_out_reg[6]
  Impl DFF        Imp:/WORK/SYS_TOP_dft/UART_RX/U2/P_out_reg[6]

  Ref  DFF        Ref:/WORK/SYS_TOP_dft/UART_RX/U2/P_out_reg[7]
  Impl DFF        Imp:/WORK/SYS_TOP_dft/UART_RX/U2/P_out_reg[7]

  Ref  DFF        Ref:/WORK/SYS_TOP_dft/UART_RX/U3/Bit_Count_reg[0]
  Impl DFF        Imp:/WORK/SYS_TOP_dft/UART_RX/U3/Bit_Count_reg[0]

  Ref  DFF        Ref:/WORK/SYS_TOP_dft/UART_RX/U3/Bit_Count_reg[1]
  Impl DFF        Imp:/WORK/SYS_TOP_dft/UART_RX/U3/Bit_Count_reg[1]

  Ref  DFF        Ref:/WORK/SYS_TOP_dft/UART_RX/U3/Bit_Count_reg[2]
  Impl DFF        Imp:/WORK/SYS_TOP_dft/UART_RX/U3/Bit_Count_reg[2]

  Ref  DFF        Ref:/WORK/SYS_TOP_dft/UART_RX/U3/Bit_Count_reg[3]
  Impl DFF        Imp:/WORK/SYS_TOP_dft/UART_RX/U3/Bit_Count_reg[3]

  Ref  DFF        Ref:/WORK/SYS_TOP_dft/UART_RX/U3/Edge_Count_reg[0]
  Impl DFF        Imp:/WORK/SYS_TOP_dft/UART_RX/U3/Edge_Count_reg[0]

  Ref  DFF        Ref:/WORK/SYS_TOP_dft/UART_RX/U3/Edge_Count_reg[1]
  Impl DFF        Imp:/WORK/SYS_TOP_dft/UART_RX/U3/Edge_Count_reg[1]

  Ref  DFF        Ref:/WORK/SYS_TOP_dft/UART_RX/U3/Edge_Count_reg[2]
  Impl DFF        Imp:/WORK/SYS_TOP_dft/UART_RX/U3/Edge_Count_reg[2]

  Ref  DFF        Ref:/WORK/SYS_TOP_dft/UART_RX/U3/Edge_Count_reg[3]
  Impl DFF        Imp:/WORK/SYS_TOP_dft/UART_RX/U3/Edge_Count_reg[3]

  Ref  DFF        Ref:/WORK/SYS_TOP_dft/UART_RX/U3/Edge_Count_reg[4]
  Impl DFF        Imp:/WORK/SYS_TOP_dft/UART_RX/U3/Edge_Count_reg[4]

  Ref  DFF        Ref:/WORK/SYS_TOP_dft/UART_RX/U3/Edge_Count_reg[5]
  Impl DFF        Imp:/WORK/SYS_TOP_dft/UART_RX/U3/Edge_Count_reg[5]

  Ref  DFF        Ref:/WORK/SYS_TOP_dft/UART_RX/U4/Calc_parity_reg
  Impl DFF        Imp:/WORK/SYS_TOP_dft/UART_RX/U4/Calc_parity_reg

  Ref  DFF        Ref:/WORK/SYS_TOP_dft/UART_RX/U4/par_err_reg
  Impl DFF        Imp:/WORK/SYS_TOP_dft/UART_RX/U4/par_err_reg

  Ref  DFF        Ref:/WORK/SYS_TOP_dft/UART_RX/U5/Str_err_reg
  Impl DFF        Imp:/WORK/SYS_TOP_dft/UART_RX/U5/Str_err_reg

  Ref  DFF        Ref:/WORK/SYS_TOP_dft/UART_RX/U6/Stp_err_reg
  Impl DFF        Imp:/WORK/SYS_TOP_dft/UART_RX/U6/Stp_err_reg

  Ref  DFF        Ref:/WORK/SYS_TOP_dft/UART_RX/U7/Data_Valid_reg
  Impl DFF        Imp:/WORK/SYS_TOP_dft/UART_RX/U7/Data_Valid_reg

  Ref  DFF        Ref:/WORK/SYS_TOP_dft/UART_RX/U7/Parity_Error_reg
  Impl DFF        Imp:/WORK/SYS_TOP_dft/UART_RX/U7/Parity_Error_reg

  Ref  DFF        Ref:/WORK/SYS_TOP_dft/UART_RX/U7/Stop_Error_reg
  Impl DFF        Imp:/WORK/SYS_TOP_dft/UART_RX/U7/Stop_Error_reg

  Ref  DFF        Ref:/WORK/SYS_TOP_dft/UART_RX/U7/current_state_reg[0]
  Impl DFF        Imp:/WORK/SYS_TOP_dft/UART_RX/U7/current_state_reg[0]

  Ref  DFF        Ref:/WORK/SYS_TOP_dft/UART_RX/U7/current_state_reg[1]
  Impl DFF        Imp:/WORK/SYS_TOP_dft/UART_RX/U7/current_state_reg[1]

  Ref  DFF        Ref:/WORK/SYS_TOP_dft/UART_RX/U7/current_state_reg[2]
  Impl DFF        Imp:/WORK/SYS_TOP_dft/UART_RX/U7/current_state_reg[2]

  Ref  DFF        Ref:/WORK/SYS_TOP_dft/UART_RX_ClkDiv/Count_reg[0]
  Impl DFF        Imp:/WORK/SYS_TOP_dft/UART_RX_ClkDiv/Count_reg[0]

  Ref  DFF        Ref:/WORK/SYS_TOP_dft/UART_RX_ClkDiv/Count_reg[1]
  Impl DFF        Imp:/WORK/SYS_TOP_dft/UART_RX_ClkDiv/Count_reg[1]

  Ref  DFF        Ref:/WORK/SYS_TOP_dft/UART_RX_ClkDiv/Count_reg[2]
  Impl DFF        Imp:/WORK/SYS_TOP_dft/UART_RX_ClkDiv/Count_reg[2]

  Ref  DFF        Ref:/WORK/SYS_TOP_dft/UART_RX_ClkDiv/Flag_reg
  Impl DFF        Imp:/WORK/SYS_TOP_dft/UART_RX_ClkDiv/Flag_reg

  Ref  DFF        Ref:/WORK/SYS_TOP_dft/UART_RX_ClkDiv/New_clk_reg
  Impl DFF        Imp:/WORK/SYS_TOP_dft/UART_RX_ClkDiv/New_clk_reg

  Ref  DFF        Ref:/WORK/SYS_TOP_dft/UART_TX/U1_MUX_4x1/OUT_reg
  Impl DFF        Imp:/WORK/SYS_TOP_dft/UART_TX/U1_MUX_4x1/OUT_reg

  Ref  DFF        Ref:/WORK/SYS_TOP_dft/UART_TX/U2_Parity_Calc/DATA_V_reg[0]
  Impl DFF        Imp:/WORK/SYS_TOP_dft/UART_TX/U2_Parity_Calc/DATA_V_reg[0]

  Ref  DFF        Ref:/WORK/SYS_TOP_dft/UART_TX/U2_Parity_Calc/DATA_V_reg[1]
  Impl DFF        Imp:/WORK/SYS_TOP_dft/UART_TX/U2_Parity_Calc/DATA_V_reg[1]

  Ref  DFF        Ref:/WORK/SYS_TOP_dft/UART_TX/U2_Parity_Calc/DATA_V_reg[2]
  Impl DFF        Imp:/WORK/SYS_TOP_dft/UART_TX/U2_Parity_Calc/DATA_V_reg[2]

  Ref  DFF        Ref:/WORK/SYS_TOP_dft/UART_TX/U2_Parity_Calc/DATA_V_reg[3]
  Impl DFF        Imp:/WORK/SYS_TOP_dft/UART_TX/U2_Parity_Calc/DATA_V_reg[3]

  Ref  DFF        Ref:/WORK/SYS_TOP_dft/UART_TX/U2_Parity_Calc/DATA_V_reg[4]
  Impl DFF        Imp:/WORK/SYS_TOP_dft/UART_TX/U2_Parity_Calc/DATA_V_reg[4]

  Ref  DFF        Ref:/WORK/SYS_TOP_dft/UART_TX/U2_Parity_Calc/DATA_V_reg[5]
  Impl DFF        Imp:/WORK/SYS_TOP_dft/UART_TX/U2_Parity_Calc/DATA_V_reg[5]

  Ref  DFF        Ref:/WORK/SYS_TOP_dft/UART_TX/U2_Parity_Calc/DATA_V_reg[6]
  Impl DFF        Imp:/WORK/SYS_TOP_dft/UART_TX/U2_Parity_Calc/DATA_V_reg[6]

  Ref  DFF        Ref:/WORK/SYS_TOP_dft/UART_TX/U2_Parity_Calc/DATA_V_reg[7]
  Impl DFF        Imp:/WORK/SYS_TOP_dft/UART_TX/U2_Parity_Calc/DATA_V_reg[7]

  Ref  DFF        Ref:/WORK/SYS_TOP_dft/UART_TX/U2_Parity_Calc/par_bit_reg
  Impl DFF        Imp:/WORK/SYS_TOP_dft/UART_TX/U2_Parity_Calc/par_bit_reg

  Ref  DFF        Ref:/WORK/SYS_TOP_dft/UART_TX/U3_Serializer/S_R_Data_reg[0]
  Impl DFF        Imp:/WORK/SYS_TOP_dft/UART_TX/U3_Serializer/S_R_Data_reg[0]

  Ref  DFF        Ref:/WORK/SYS_TOP_dft/UART_TX/U3_Serializer/S_R_Data_reg[1]
  Impl DFF        Imp:/WORK/SYS_TOP_dft/UART_TX/U3_Serializer/S_R_Data_reg[1]

  Ref  DFF        Ref:/WORK/SYS_TOP_dft/UART_TX/U3_Serializer/S_R_Data_reg[2]
  Impl DFF        Imp:/WORK/SYS_TOP_dft/UART_TX/U3_Serializer/S_R_Data_reg[2]

  Ref  DFF        Ref:/WORK/SYS_TOP_dft/UART_TX/U3_Serializer/S_R_Data_reg[3]
  Impl DFF        Imp:/WORK/SYS_TOP_dft/UART_TX/U3_Serializer/S_R_Data_reg[3]

  Ref  DFF        Ref:/WORK/SYS_TOP_dft/UART_TX/U3_Serializer/S_R_Data_reg[4]
  Impl DFF        Imp:/WORK/SYS_TOP_dft/UART_TX/U3_Serializer/S_R_Data_reg[4]

  Ref  DFF        Ref:/WORK/SYS_TOP_dft/UART_TX/U3_Serializer/S_R_Data_reg[5]
  Impl DFF        Imp:/WORK/SYS_TOP_dft/UART_TX/U3_Serializer/S_R_Data_reg[5]

  Ref  DFF        Ref:/WORK/SYS_TOP_dft/UART_TX/U3_Serializer/S_R_Data_reg[6]
  Impl DFF        Imp:/WORK/SYS_TOP_dft/UART_TX/U3_Serializer/S_R_Data_reg[6]

  Ref  DFF        Ref:/WORK/SYS_TOP_dft/UART_TX/U3_Serializer/S_R_Data_reg[7]
  Impl DFF        Imp:/WORK/SYS_TOP_dft/UART_TX/U3_Serializer/S_R_Data_reg[7]

  Ref  DFF        Ref:/WORK/SYS_TOP_dft/UART_TX/U3_Serializer/counter_reg[0]
  Impl DFF        Imp:/WORK/SYS_TOP_dft/UART_TX/U3_Serializer/counter_reg[0]

  Ref  DFF        Ref:/WORK/SYS_TOP_dft/UART_TX/U3_Serializer/counter_reg[1]
  Impl DFF        Imp:/WORK/SYS_TOP_dft/UART_TX/U3_Serializer/counter_reg[1]

  Ref  DFF        Ref:/WORK/SYS_TOP_dft/UART_TX/U3_Serializer/counter_reg[2]
  Impl DFF        Imp:/WORK/SYS_TOP_dft/UART_TX/U3_Serializer/counter_reg[2]

  Ref  DFF        Ref:/WORK/SYS_TOP_dft/UART_TX/U3_Serializer/counter_reg[3]
  Impl DFF        Imp:/WORK/SYS_TOP_dft/UART_TX/U3_Serializer/counter_reg[3]

  Ref  DFF        Ref:/WORK/SYS_TOP_dft/UART_TX/U3_Serializer/ser_done_reg
  Impl DFF        Imp:/WORK/SYS_TOP_dft/UART_TX/U3_Serializer/ser_done_reg

  Ref  DFF        Ref:/WORK/SYS_TOP_dft/UART_TX/U4_FSM/Basy_reg
  Impl DFF        Imp:/WORK/SYS_TOP_dft/UART_TX/U4_FSM/Basy_reg

  Ref  DFF        Ref:/WORK/SYS_TOP_dft/UART_TX/U4_FSM/current_state_reg[0]
  Impl DFF        Imp:/WORK/SYS_TOP_dft/UART_TX/U4_FSM/current_state_reg[0]

  Ref  DFF        Ref:/WORK/SYS_TOP_dft/UART_TX/U4_FSM/current_state_reg[1]
  Impl DFF        Imp:/WORK/SYS_TOP_dft/UART_TX/U4_FSM/current_state_reg[1]

  Ref  DFF        Ref:/WORK/SYS_TOP_dft/UART_TX/U4_FSM/current_state_reg[2]
  Impl DFF        Imp:/WORK/SYS_TOP_dft/UART_TX/U4_FSM/current_state_reg[2]

  Ref  DFF        Ref:/WORK/SYS_TOP_dft/UART_TX_ClkDiv/Count_reg[0]
  Impl DFF        Imp:/WORK/SYS_TOP_dft/UART_TX_ClkDiv/Count_reg[0]

  Ref  DFF        Ref:/WORK/SYS_TOP_dft/UART_TX_ClkDiv/Count_reg[1]
  Impl DFF        Imp:/WORK/SYS_TOP_dft/UART_TX_ClkDiv/Count_reg[1]

  Ref  DFF        Ref:/WORK/SYS_TOP_dft/UART_TX_ClkDiv/Count_reg[2]
  Impl DFF        Imp:/WORK/SYS_TOP_dft/UART_TX_ClkDiv/Count_reg[2]

  Ref  DFF        Ref:/WORK/SYS_TOP_dft/UART_TX_ClkDiv/Count_reg[3]
  Impl DFF        Imp:/WORK/SYS_TOP_dft/UART_TX_ClkDiv/Count_reg[3]

  Ref  DFF        Ref:/WORK/SYS_TOP_dft/UART_TX_ClkDiv/Count_reg[4]
  Impl DFF        Imp:/WORK/SYS_TOP_dft/UART_TX_ClkDiv/Count_reg[4]

  Ref  DFF        Ref:/WORK/SYS_TOP_dft/UART_TX_ClkDiv/Count_reg[5]
  Impl DFF        Imp:/WORK/SYS_TOP_dft/UART_TX_ClkDiv/Count_reg[5]

  Ref  DFF        Ref:/WORK/SYS_TOP_dft/UART_TX_ClkDiv/Count_reg[6]
  Impl DFF        Imp:/WORK/SYS_TOP_dft/UART_TX_ClkDiv/Count_reg[6]

  Ref  DFF        Ref:/WORK/SYS_TOP_dft/UART_TX_ClkDiv/Flag_reg
  Impl DFF        Imp:/WORK/SYS_TOP_dft/UART_TX_ClkDiv/Flag_reg

  Ref  DFF        Ref:/WORK/SYS_TOP_dft/UART_TX_ClkDiv/New_clk_reg
  Impl DFF        Imp:/WORK/SYS_TOP_dft/UART_TX_ClkDiv/New_clk_reg

  Ref  Port       Ref:/WORK/SYS_TOP_dft/UART_TX_O
  Impl Port       Imp:/WORK/SYS_TOP_dft/UART_TX_O

  Ref  Port       Ref:/WORK/SYS_TOP_dft/framing_error
  Impl Port       Imp:/WORK/SYS_TOP_dft/framing_error

  Ref  Port       Ref:/WORK/SYS_TOP_dft/parity_error
  Impl Port       Imp:/WORK/SYS_TOP_dft/parity_error

 [BBNet: multiply-driven net
  BBPin: black-box pin
  Cut:   cut-point
  DFF:   non-constant DFF register
  DFF0:  constant 0 DFF register
  DFF1:  constant 1 DFF register
  DFFX:  constant X DFF register
  DFF0X: constrained 0X DFF register
  DFF1X: constrained 1X DFF register
  LAT:   non-constant latch register
  LAT0:  constant 0 latch register
  LAT1:  constant 1 latch register
  LATX:  constant X latch register
  LAT0X: constrained 0X latch register
  LAT1X: constrained 1X latch register
  LATCG: clock-gating latch register
  TLA:   transparent latch register
  TLA0X: transparent constrained 0X latch register
  TLA1X: transparent constrained 1X latch register
  Loop:  cycle break point
  Port:  primary (top-level) port
  Und:   undriven signal cut-point
  Unk:   unknown signal cut-point]

1
